<?xml version="1.0" encoding="UTF-8"?>
<!-- Generated by org.testng.reporters.JUnitXMLReporter -->
<testsuite hostname="C02T91RMH03Q" name="Test" tests="3" failures="1" timestamp="6 Aug 2020 08:35:23 GMT" time="37.404" errors="0">
  <testcase name="GetWeatherDataBySelenium" time="29.814" classname="weatherReporting.HomePageTest"/>
  <testcase name="GetWeatherDataByAPI" time="2.173" classname="weatherReporting.HomePageTest"/>
  <testcase name="Comparison" time="0.004" classname="weatherReporting.HomePageTest">
    <failure type="java.lang.AssertionError">
      <![CDATA[java.lang.AssertionError: 
	at weatherReporting.HomePageTest.Comparison(HomePageTest.java:158)
... Removed 27 stack frames]]>
    </failure>
  </testcase> <!-- Comparison -->
</testsuite> <!-- Test -->
