<?xml version="1.0" encoding="UTF-8"?>
<!-- Generated by org.testng.reporters.JUnitXMLReporter -->
<testsuite hostname="C02T91RMH03Q" name="Test" tests="3" failures="1" timestamp="5 Aug 2020 19:31:45 GMT" time="32.719" errors="0">
  <testcase name="GetWeatherDataBySelenium" time="28.347" classname="weatherReporting.HomePageTest"/>
  <testcase name="GetWeatherDataByAPI" time="2.266" classname="weatherReporting.HomePageTest"/>
  <testcase name="Comparison" time="0.002" classname="weatherReporting.HomePageTest">
    <failure type="java.lang.AssertionError">
      <![CDATA[java.lang.AssertionError: 
	at weatherReporting.HomePageTest.Comparison(HomePageTest.java:158)
	at org.apache.maven.surefire.testng.TestNGExecutor.run(TestNGExecutor.java:283)
	at org.apache.maven.surefire.testng.TestNGXmlTestSuite.execute(TestNGXmlTestSuite.java:75)
	at org.apache.maven.surefire.testng.TestNGProvider.invoke(TestNGProvider.java:120)
	at org.apache.maven.surefire.booter.ForkedBooter.invokeProviderInSameClassLoader(ForkedBooter.java:386)
	at org.apache.maven.surefire.booter.ForkedBooter.runSuitesInProcess(ForkedBooter.java:323)
	at org.apache.maven.surefire.booter.ForkedBooter.main(ForkedBooter.java:143)
... Removed 24 stack frames]]>
    </failure>
  </testcase> <!-- Comparison -->
</testsuite> <!-- Test -->
