<?xml version="1.0" encoding="UTF-8"?>
<testng-results skipped="0" failed="1" total="3" passed="2">
  <reporter-output>
  </reporter-output>
  <suite name="Suite" duration-ms="32719" started-at="2020-08-05T19:31:12Z" finished-at="2020-08-05T19:31:45Z">
    <groups>
    </groups>
    <test name="Test" duration-ms="32719" started-at="2020-08-05T19:31:12Z" finished-at="2020-08-05T19:31:45Z">
      <class name="weatherReporting.HomePageTest">
        <test-method status="PASS" signature="initialize()[pri:0, instance:weatherReporting.HomePageTest@4de4b452]" name="initialize" is-config="true" duration-ms="1923" started-at="2020-08-06T01:01:12Z" finished-at="2020-08-06T01:01:14Z">
          <reporter-output>
          </reporter-output>
        </test-method> <!-- initialize -->
        <test-method status="PASS" signature="GetWeatherDataBySelenium()[pri:0, instance:weatherReporting.HomePageTest@4de4b452]" name="GetWeatherDataBySelenium" duration-ms="28347" started-at="2020-08-06T01:01:14Z" finished-at="2020-08-06T01:01:42Z">
          <reporter-output>
          </reporter-output>
        </test-method> <!-- GetWeatherDataBySelenium -->
        <test-method status="PASS" signature="GetWeatherDataByAPI()[pri:0, instance:weatherReporting.HomePageTest@4de4b452]" name="GetWeatherDataByAPI" duration-ms="2266" started-at="2020-08-06T01:01:42Z" finished-at="2020-08-06T01:01:44Z">
          <reporter-output>
          </reporter-output>
        </test-method> <!-- GetWeatherDataByAPI -->
        <test-method status="FAIL" signature="Comparison()[pri:0, instance:weatherReporting.HomePageTest@4de4b452]" name="Comparison" duration-ms="2" started-at="2020-08-06T01:01:44Z" finished-at="2020-08-06T01:01:44Z">
          <exception class="java.lang.AssertionError">
            <full-stacktrace>
              <![CDATA[java.lang.AssertionError: 
	at org.testng.AssertJUnit.fail(AssertJUnit.java:59)
	at org.testng.AssertJUnit.assertTrue(AssertJUnit.java:24)
	at org.testng.AssertJUnit.assertTrue(AssertJUnit.java:33)
	at weatherReporting.HomePageTest.Comparison(HomePageTest.java:158)
	at sun.reflect.NativeMethodAccessorImpl.invoke0(Native Method)
	at sun.reflect.NativeMethodAccessorImpl.invoke(NativeMethodAccessorImpl.java:62)
	at sun.reflect.DelegatingMethodAccessorImpl.invoke(DelegatingMethodAccessorImpl.java:43)
	at java.lang.reflect.Method.invoke(Method.java:498)
	at org.testng.internal.MethodInvocationHelper.invokeMethod(MethodInvocationHelper.java:80)
	at org.testng.internal.Invoker.invokeMethod(Invoker.java:714)
	at org.testng.internal.Invoker.invokeTestMethod(Invoker.java:901)
	at org.testng.internal.Invoker.invokeTestMethods(Invoker.java:1231)
	at org.testng.internal.TestMethodWorker.invokeTestMethods(TestMethodWorker.java:127)
	at org.testng.internal.TestMethodWorker.run(TestMethodWorker.java:111)
	at org.testng.TestRunner.privateRun(TestRunner.java:767)
	at org.testng.TestRunner.run(TestRunner.java:617)
	at org.testng.SuiteRunner.runTest(SuiteRunner.java:334)
	at org.testng.SuiteRunner.runSequentially(SuiteRunner.java:329)
	at org.testng.SuiteRunner.privateRun(SuiteRunner.java:291)
	at org.testng.SuiteRunner.run(SuiteRunner.java:240)
	at org.testng.SuiteRunnerWorker.runSuite(SuiteRunnerWorker.java:52)
	at org.testng.SuiteRunnerWorker.run(SuiteRunnerWorker.java:86)
	at org.testng.TestNG.runSuitesSequentially(TestNG.java:1198)
	at org.testng.TestNG.runSuitesLocally(TestNG.java:1123)
	at org.testng.TestNG.run(TestNG.java:1031)
	at org.apache.maven.surefire.testng.TestNGExecutor.run(TestNGExecutor.java:283)
	at org.apache.maven.surefire.testng.TestNGXmlTestSuite.execute(TestNGXmlTestSuite.java:75)
	at org.apache.maven.surefire.testng.TestNGProvider.invoke(TestNGProvider.java:120)
	at org.apache.maven.surefire.booter.ForkedBooter.invokeProviderInSameClassLoader(ForkedBooter.java:386)
	at org.apache.maven.surefire.booter.ForkedBooter.runSuitesInProcess(ForkedBooter.java:323)
	at org.apache.maven.surefire.booter.ForkedBooter.main(ForkedBooter.java:143)
]]>
            </full-stacktrace>
          </exception> <!-- java.lang.AssertionError -->
          <reporter-output>
          </reporter-output>
        </test-method> <!-- Comparison -->
        <test-method status="PASS" signature="teardown()[pri:0, instance:weatherReporting.HomePageTest@4de4b452]" name="teardown" is-config="true" duration-ms="165" started-at="2020-08-06T01:01:44Z" finished-at="2020-08-06T01:01:45Z">
          <reporter-output>
          </reporter-output>
        </test-method> <!-- teardown -->
      </class> <!-- weatherReporting.HomePageTest -->
    </test> <!-- Test -->
  </suite> <!-- Suite -->
</testng-results>
