<?xml version="1.0" encoding="UTF-8"?>
<testng-results skipped="0" failed="1" total="3" passed="2">
  <reporter-output>
  </reporter-output>
  <suite name="Suite" duration-ms="37404" started-at="2020-08-06T08:34:45Z" finished-at="2020-08-06T08:35:23Z">
    <groups>
    </groups>
    <test name="Test" duration-ms="37404" started-at="2020-08-06T08:34:45Z" finished-at="2020-08-06T08:35:23Z">
      <class name="weatherReporting.HomePageTest">
        <test-method status="PASS" signature="initialize()[pri:0, instance:weatherReporting.HomePageTest@51c693d]" name="initialize" is-config="true" duration-ms="1472" started-at="2020-08-06T14:04:45Z" finished-at="2020-08-06T14:04:47Z">
          <reporter-output>
          </reporter-output>
        </test-method> <!-- initialize -->
        <test-method status="PASS" signature="GetWeatherDataBySelenium()[pri:0, instance:weatherReporting.HomePageTest@51c693d]" name="GetWeatherDataBySelenium" duration-ms="29814" started-at="2020-08-06T14:04:47Z" finished-at="2020-08-06T14:05:17Z">
          <reporter-output>
          </reporter-output>
        </test-method> <!-- GetWeatherDataBySelenium -->
        <test-method status="PASS" signature="GetWeatherDataByAPI()[pri:0, instance:weatherReporting.HomePageTest@51c693d]" name="GetWeatherDataByAPI" duration-ms="2173" started-at="2020-08-06T14:05:17Z" finished-at="2020-08-06T14:05:19Z">
          <reporter-output>
          </reporter-output>
        </test-method> <!-- GetWeatherDataByAPI -->
        <test-method status="FAIL" signature="Comparison()[pri:0, instance:weatherReporting.HomePageTest@51c693d]" name="Comparison" duration-ms="4" started-at="2020-08-06T14:05:19Z" finished-at="2020-08-06T14:05:19Z">
          <exception class="java.lang.AssertionError">
            <full-stacktrace>
              <![CDATA[java.lang.AssertionError: 
	at org.testng.AssertJUnit.fail(AssertJUnit.java:59)
	at org.testng.AssertJUnit.assertTrue(AssertJUnit.java:24)
	at org.testng.AssertJUnit.assertTrue(AssertJUnit.java:33)
	at weatherReporting.HomePageTest.Comparison(HomePageTest.java:158)
	at sun.reflect.NativeMethodAccessorImpl.invoke0(Native Method)
	at sun.reflect.NativeMethodAccessorImpl.invoke(NativeMethodAccessorImpl.java:62)
	at sun.reflect.DelegatingMethodAccessorImpl.invoke(DelegatingMethodAccessorImpl.java:43)
	at java.lang.reflect.Method.invoke(Method.java:498)
	at org.testng.internal.MethodInvocationHelper.invokeMethod(MethodInvocationHelper.java:80)
	at org.testng.internal.Invoker.invokeMethod(Invoker.java:714)
	at org.testng.internal.Invoker.invokeTestMethod(Invoker.java:901)
	at org.testng.internal.Invoker.invokeTestMethods(Invoker.java:1231)
	at org.testng.internal.TestMethodWorker.invokeTestMethods(TestMethodWorker.java:127)
	at org.testng.internal.TestMethodWorker.run(TestMethodWorker.java:111)
	at org.testng.TestRunner.privateRun(TestRunner.java:767)
	at org.testng.TestRunner.run(TestRunner.java:617)
	at org.testng.SuiteRunner.runTest(SuiteRunner.java:334)
	at org.testng.SuiteRunner.runSequentially(SuiteRunner.java:329)
	at org.testng.SuiteRunner.privateRun(SuiteRunner.java:291)
	at org.testng.SuiteRunner.run(SuiteRunner.java:240)
	at org.testng.SuiteRunnerWorker.runSuite(SuiteRunnerWorker.java:52)
	at org.testng.SuiteRunnerWorker.run(SuiteRunnerWorker.java:86)
	at org.testng.TestNG.runSuitesSequentially(TestNG.java:1198)
	at org.testng.TestNG.runSuitesLocally(TestNG.java:1123)
	at org.testng.TestNG.run(TestNG.java:1031)
	at org.testng.remote.AbstractRemoteTestNG.run(AbstractRemoteTestNG.java:115)
	at org.testng.remote.RemoteTestNG.initAndRun(RemoteTestNG.java:251)
	at org.testng.remote.RemoteTestNG.main(RemoteTestNG.java:77)
]]>
            </full-stacktrace>
          </exception> <!-- java.lang.AssertionError -->
          <reporter-output>
          </reporter-output>
        </test-method> <!-- Comparison -->
        <test-method status="PASS" signature="teardown()[pri:0, instance:weatherReporting.HomePageTest@51c693d]" name="teardown" is-config="true" duration-ms="144" started-at="2020-08-06T14:05:22Z" finished-at="2020-08-06T14:05:23Z">
          <reporter-output>
          </reporter-output>
        </test-method> <!-- teardown -->
      </class> <!-- weatherReporting.HomePageTest -->
    </test> <!-- Test -->
  </suite> <!-- Suite -->
</testng-results>
